<?xml version="1.0" encoding="UTF-8"?>
<!-- Generated by org.testng.reporters.JUnitReportReporter -->
<testsuite hostname="LAPTOP-VBOQ4SE2" failures="0" tests="1" name="com.api.test.CountAPITest" time="4.349" errors="0" timestamp="2023-06-08T09:50:41 CEST" skipped="0">
  <testcase classname="com.api.test.CountAPITest" name="test_create_api" time="4.349"/>
  <system-out/>
</testsuite> <!-- com.api.test.CountAPITest -->
